<?xml version="1.0" encoding="UTF-8"?>
<testsuite xmlns:xsi="http://www.w3.org/2001/XMLSchema-instance" xsi:noNamespaceSchemaLocation="https://maven.apache.org/surefire/maven-surefire-plugin/xsd/surefire-test-report.xsd" name="ba.unsa.etf.nrs.projekat.CashierControllerTest" time="0.042" tests="3" errors="0" skipped="0" failures="0">
  <properties>
[...]
</properties>
  <testcase name="testSetiGetUposlenik" classname="ba.unsa.etf.nrs.projekat.CashierControllerTest" time="0.021"/>
  <testcase name="testSetiGetLozinkaKorisnik" classname="ba.unsa.etf.nrs.projekat.CashierControllerTest" time="0.003"/>
  <testcase name="testSetiGetProduct" classname="ba.unsa.etf.nrs.projekat.CashierControllerTest" time="0.013"/>
</testsuite>